Change Component Comment : Designator=P13 Old Comment=X New Comment=OUT
Change Component Comment : Designator=P15 Old Comment=z New Comment=OUT
Change Component Designator: OldDesignator=D1 NewDesignator=D11
Added Component: Designator=C12(RB7.6-15)
Added Component: Designator=C13(RAD-0.3)
Added Component: Designator=C14(RAD-0.4)
Added Component: Designator=C15(RAD-0.4)
Added Component: Designator=C16(RB7.6-15)
Added Component: Designator=C17(RAD-0.3)
Added Component: Designator=C18(RAD-0.4)
Added Component: Designator=C19(RAD-0.4)
Added Component: Designator=C20(RB7.6-15)
Added Component: Designator=C21(RAD-0.3)
Added Component: Designator=C22(RAD-0.4)
Added Component: Designator=C23(RAD-0.4)
Added Component: Designator=C24(RB7.6-15)
Added Component: Designator=C26(RB7.6-15)
Added Component: Designator=D4(PCBComponent_1)
Added Component: Designator=D5(DO-201AD)
Added Component: Designator=D6(DO-201AD)
Added Component: Designator=D7(DO-201AD)
Added Component: Designator=D8(LED-1)
Added Component: Designator=D9(LED-1)
Added Component: Designator=D10(LED-1)
Added Component: Designator=F3(PIN-W2/E2.8)
Added Component: Designator=F4(PIN-W2/E2.8)
Added Component: Designator=F5(PIN-W2/E2.8)
Added Component: Designator=L1(Bobina)
Added Component: Designator=L2(Bobina)
Added Component: Designator=L3(Bobina)
Added Component: Designator=L4(AXIAL-0.5)
Added Component: Designator=L5(AXIAL-0.5)
Added Component: Designator=L6(AXIAL-0.5)
Added Component: Designator=L7(AXIAL-0.5)
Added Component: Designator=L8(AXIAL-0.5)
Added Component: Designator=P7(cONECTOR)
Added Component: Designator=P8(cONECTOR)
Added Component: Designator=P9(cONECTOR)
Added Component: Designator=P10(cONECTOR)
Added Component: Designator=P11(cONECTOR)
Added Component: Designator=P12(cONECTOR)
Added Component: Designator=P13(cONECTOR)
Added Component: Designator=P14(cONECTOR)
Added Component: Designator=P15(cONECTOR)
Added Component: Designator=Q5(TO-220-AB)
Added Component: Designator=Q6(TO-220-AB)
Added Component: Designator=Q7(TO-220-AB)
Added Component: Designator=R5(AXIAL-0.4)
Added Component: Designator=R6(AXIAL-0.4)
Added Component: Designator=R7(AXIAL-0.4)
Added Component: Designator=R8(AXIAL-0.3)
Added Component: Designator=R9(AXIAL-0.3)
Added Component: Designator=R10(AXIAL-0.3)
Added Component: Designator=R14(AXIAL-0.3)
Added Component: Designator=R15(VR5)
Added Component: Designator=Var3(AXIAL-0.4)
Added Component: Designator=Var4(AXIAL-0.4)
Added Component: Designator=Var5(AXIAL-0.4)
Added Component: Designator=VR3(TO-220-AB)
Added Component: Designator=VR4(TO-220-AB)
Added Component: Designator=VR5(TO-220-AB)
Added Pin To Net: NetName=Net1_1 Pin=C12-1
Added Pin To Net: NetName=GND Pin=C12-2
Added Pin To Net: NetName=Net1_1 Pin=C13-1
Added Pin To Net: NetName=GND Pin=C13-2
Added Pin To Net: NetName=GND Pin=C14-2
Added Pin To Net: NetName=GND Pin=C15-2
Added Pin To Net: NetName=GND Pin=C16-2
Added Pin To Net: NetName=GND Pin=C17-2
Added Pin To Net: NetName=GND Pin=C18-2
Added Pin To Net: NetName=GND Pin=C19-1
Added Pin To Net: NetName=GND Pin=C20-1
Added Pin To Net: NetName=GND Pin=C21-2
Added Pin To Net: NetName=GND Pin=C22-2
Added Pin To Net: NetName=GND Pin=C23-1
Added Pin To Net: NetName=GND Pin=C24-1
Added Pin To Net: NetName=GND Pin=C26-1
Added Pin To Net: NetName=Net1_1 Pin=D5-2
Added Pin To Net: NetName=Net1_4 Pin=L1-3
Added Pin To Net: NetName=Net1_4 Pin=L1-4
Added Pin To Net: NetName=Net3_1 Pin=L2-1
Added Pin To Net: NetName=Net3_1 Pin=L2-2
Added Pin To Net: NetName=Net3_4 Pin=L2-3
Added Pin To Net: NetName=Net3_4 Pin=L2-4
Added Pin To Net: NetName=Net2_1 Pin=L3-1
Added Pin To Net: NetName=Net2_1 Pin=L3-2
Added Pin To Net: NetName=Net2_4 Pin=L3-3
Added Pin To Net: NetName=Net2_4 Pin=L3-4
Added Pin To Net: NetName=Net1_1 Pin=L7-2
Added Pin To Net: NetName=GND Pin=P9-1
Added Pin To Net: NetName=GND Pin=P9-1
Added Pin To Net: NetName=GND Pin=P11-1
Added Pin To Net: NetName=GND Pin=P11-1
Added Pin To Net: NetName=GND Pin=P13-1
Added Pin To Net: NetName=GND Pin=P13-1
Added Pin To Net: NetName=GND Pin=P15-1
Added Pin To Net: NetName=GND Pin=P15-1
Added Pin To Net: NetName=GND Pin=Q5-3
Added Pin To Net: NetName=GND Pin=Q6-3
Added Pin To Net: NetName=GND Pin=Q7-3
Added Pin To Net: NetName=GND Pin=R15-1
Added Pin To Net: NetName=GND Pin=R15-3
Added Pin To Net: NetName=GND Pin=Var3-1
Added Pin To Net: NetName=GND Pin=Var4-1
Added Pin To Net: NetName=GND Pin=Var5-1
Added Pin To Net: NetName=Net1_1 Pin=VR3-1
Added Pin To Net: NetName=GND Pin=VR3-2
Added Pin To Net: NetName=GND Pin=VR4-2
Change Net Name : Old Net Name=Net1_1 New Net Name=NetC12_1
Change Net Name : Old Net Name=Net1_4 New Net Name=NetC6+_1
Change Net Name : Old Net Name=Net2_1 New Net Name=NetC9_1
Change Net Name : Old Net Name=Net2_4 New Net Name=NetC10_1
Change Net Name : Old Net Name=Net3_1 New Net Name=NetC4_1
Change Net Name : Old Net Name=Net3_4 New Net Name=NetC5_1
Added Pin To Net: NetName=NetC14_1 Pin=C14-1
Added Pin To Net: NetName=NetC14_1 Pin=C15-1
Added Pin To Net: NetName=NetC14_1 Pin=D5-1
Added Pin To Net: NetName=NetC14_1 Pin=L4-1
Added Pin To Net: NetName=NetC14_1 Pin=VR3-3
Added Net: Name=NetC14_1
Added Pin To Net: NetName=NetC16_1 Pin=C16-1
Added Pin To Net: NetName=NetC16_1 Pin=L4-2
Added Pin To Net: NetName=NetC16_1 Pin=Q5-1
Added Pin To Net: NetName=NetC16_1 Pin=R10-2
Added Net: Name=NetC16_1
Added Pin To Net: NetName=NetC17_1 Pin=C17-1
Added Pin To Net: NetName=NetC17_1 Pin=C21-1
Added Pin To Net: NetName=NetC17_1 Pin=C26-2
Added Pin To Net: NetName=NetC17_1 Pin=D6-1
Added Pin To Net: NetName=NetC17_1 Pin=D7-1
Added Pin To Net: NetName=NetC17_1 Pin=L8-2
Added Pin To Net: NetName=NetC17_1 Pin=VR4-1
Added Pin To Net: NetName=NetC17_1 Pin=VR5-1
Added Net: Name=NetC17_1
Added Pin To Net: NetName=NetC18_1 Pin=C18-1
Added Pin To Net: NetName=NetC18_1 Pin=C19-2
Added Pin To Net: NetName=NetC18_1 Pin=D6-2
Added Pin To Net: NetName=NetC18_1 Pin=L5-1
Added Pin To Net: NetName=NetC18_1 Pin=VR4-3
Added Net: Name=NetC18_1
Added Pin To Net: NetName=NetC20_2 Pin=C20-2
Added Pin To Net: NetName=NetC20_2 Pin=L5-2
Added Pin To Net: NetName=NetC20_2 Pin=Q6-1
Added Pin To Net: NetName=NetC20_2 Pin=R9-2
Added Net: Name=NetC20_2
Added Pin To Net: NetName=NetC22_1 Pin=C22-1
Added Pin To Net: NetName=NetC22_1 Pin=C23-2
Added Pin To Net: NetName=NetC22_1 Pin=D7-2
Added Pin To Net: NetName=NetC22_1 Pin=L6-1
Added Pin To Net: NetName=NetC22_1 Pin=R8-2
Added Pin To Net: NetName=NetC22_1 Pin=VR5-3
Added Net: Name=NetC22_1
Added Pin To Net: NetName=NetC24_2 Pin=C24-2
Added Pin To Net: NetName=NetC24_2 Pin=L6-2
Added Pin To Net: NetName=NetC24_2 Pin=Q7-1
Added Pin To Net: NetName=NetC24_2 Pin=R14-1
Added Net: Name=NetC24_2
Added Pin To Net: NetName=NetD1_1 Pin=D1-1
Added Pin To Net: NetName=NetD1_1 Pin=L1-1
Added Pin To Net: NetName=NetD1_1 Pin=L1-2
Added Net: Name=NetD1_1
Added Pin To Net: NetName=NetD4_1 Pin=D4-1
Added Pin To Net: NetName=NetD4_1 Pin=L7-1
Added Net: Name=NetD4_1
Added Pin To Net: NetName=NetD4_2 Pin=D4-2
Added Pin To Net: NetName=NetD4_2 Pin=P7-1
Added Pin To Net: NetName=NetD4_2 Pin=P7-1
Added Net: Name=NetD4_2
Added Pin To Net: NetName=NetD4_3 Pin=D4-3
Added Pin To Net: NetName=NetD4_3 Pin=L8-1
Added Net: Name=NetD4_3
Added Pin To Net: NetName=NetD4_4 Pin=D4-4
Added Pin To Net: NetName=NetD4_4 Pin=P8-1
Added Pin To Net: NetName=NetD4_4 Pin=P8-1
Added Net: Name=NetD4_4
Added Pin To Net: NetName=NetD8_1 Pin=D8-1
Added Pin To Net: NetName=NetD8_1 Pin=R5-1
Added Net: Name=NetD8_1
Added Pin To Net: NetName=NetD8_2 Pin=D8-2
Added Pin To Net: NetName=NetD8_2 Pin=Q5-2
Added Pin To Net: NetName=NetD8_2 Pin=R10-1
Added Net: Name=NetD8_2
Added Pin To Net: NetName=NetD9_1 Pin=D9-1
Added Pin To Net: NetName=NetD9_1 Pin=R6-1
Added Net: Name=NetD9_1
Added Pin To Net: NetName=NetD9_2 Pin=D9-2
Added Pin To Net: NetName=NetD9_2 Pin=F4-1
Added Pin To Net: NetName=NetD9_2 Pin=Q6-2
Added Pin To Net: NetName=NetD9_2 Pin=R9-1
Added Net: Name=NetD9_2
Added Pin To Net: NetName=NetD10_1 Pin=D10-1
Added Pin To Net: NetName=NetD10_1 Pin=R7-1
Added Net: Name=NetD10_1
Added Pin To Net: NetName=NetD10_2 Pin=D10-2
Added Pin To Net: NetName=NetD10_2 Pin=F5-1
Added Pin To Net: NetName=NetD10_2 Pin=Q7-2
Added Pin To Net: NetName=NetD10_2 Pin=R14-2
Added Net: Name=NetD10_2
Added Pin To Net: NetName=NetD11_1 Pin=D11-1
Added Pin To Net: NetName=NetD11_1 Pin=R2-1
Added Net: Name=NetD11_1
Added Pin To Net: NetName=NetD11_2 Pin=D11-2
Added Pin To Net: NetName=NetD11_2 Pin=F1-1
Added Pin To Net: NetName=NetD11_2 Pin=Q1-2
Added Pin To Net: NetName=NetD11_2 Pin=R1-2
Added Net: Name=NetD11_2
Added Pin To Net: NetName=NetF1_2 Pin=F1-2
Added Pin To Net: NetName=NetF1_2 Pin=P15-1
Added Pin To Net: NetName=NetF1_2 Pin=P15-1
Added Pin To Net: NetName=NetF1_2 Pin=R2-2
Added Net: Name=NetF1_2
Added Pin To Net: NetName=NetF3_2 Pin=F3-2
Added Pin To Net: NetName=NetF3_2 Pin=P10-1
Added Pin To Net: NetName=NetF3_2 Pin=P10-1
Added Pin To Net: NetName=NetF3_2 Pin=R5-2
Added Pin To Net: NetName=NetF3_2 Pin=Var3-2
Added Net: Name=NetF3_2
Added Pin To Net: NetName=NetF4_2 Pin=F4-2
Added Pin To Net: NetName=NetF4_2 Pin=P12-1
Added Pin To Net: NetName=NetF4_2 Pin=P12-1
Added Pin To Net: NetName=NetF4_2 Pin=R6-2
Added Pin To Net: NetName=NetF4_2 Pin=Var4-2
Added Net: Name=NetF4_2
Added Pin To Net: NetName=NetF5_2 Pin=F5-2
Added Pin To Net: NetName=NetF5_2 Pin=P14-1
Added Pin To Net: NetName=NetF5_2 Pin=P14-1
Added Pin To Net: NetName=NetF5_2 Pin=R7-2
Added Pin To Net: NetName=NetF5_2 Pin=Var5-2
Added Net: Name=NetF5_2
Added Pin To Net: NetName=NetP13_1 Pin=P13-1
Added Pin To Net: NetName=NetP13_1 Pin=P13-1
Added Pin To Net: NetName=NetP13_1 Pin=Q1-1
Added Pin To Net: NetName=NetP13_1 Pin=Q1-1
Added Pin To Net: NetName=NetP13_1 Pin=R1-1
Added Net: Name=NetP13_1
Added Pin To Net: NetName=NetR8_1 Pin=R8-1
Added Pin To Net: NetName=NetR8_1 Pin=R15-2
Added Pin To Net: NetName=NetR8_1 Pin=VR5-2
Added Net: Name=NetR8_1
Added Class: Name=Salida
Added Class: Name=Simetrica
Added Member To Class: ClassName=5v Member=Component D1 Bridge2
Added Member To Class: ClassName=5v Member=Component L1 1mH
Added Member To Class: ClassName=5v Member=Component L2 1mH
Added Member To Class: ClassName=5v Member=Component L3 1mH
Added Member To Class: ClassName=5v Member=Component Q1 TO-3
Added Member To Class: ClassName=5v Member=Component R1 Res1
Added Member To Class: ClassName=5v Member=Component R2 33 5W
Added Room: Name=Salida
Added Room: Name=Simetrica
