Added Component: Designator=1(Bobina)
Added Component: Designator=2(Bobina)
Added Component: Designator=3(Bobina)
Added Component: Designator=C4(RAD-0.4)
Added Component: Designator=C5(RB7.6-15)
Added Component: Designator=C6+(RB7.6-15)
Added Component: Designator=C6(RB7.6-15)
Added Component: Designator=C7(POLAR0.8)
Added Component: Designator=C9(RB7.6-15)
Added Component: Designator=C10(RB7.6-15)
Added Component: Designator=C11(RB7.6-15)
Added Component: Designator=Ct2(RAD-0.3)
Added Component: Designator=Ct3(RAD-0.4)
Added Component: Designator=D1(PCBComponent_1)
Added Component: Designator=D2(PCBComponent_1)
Added Component: Designator=D3(DO-201AD)
Added Component: Designator=P1(cONECTOR)
Added Component: Designator=P2(cONECTOR)
Added Component: Designator=P3(cONECTOR)
Added Component: Designator=P4(cONECTOR)
Added Component: Designator=P5(cONECTOR)
Added Component: Designator=P6(cONECTOR)
Added Component: Designator=Q1(PCBComponent_1)
Added Component: Designator=Q2(SOT-23B_N)
Added Component: Designator=R1(AXIAL-0.3)
Added Component: Designator=R2(AXIAL-0.3)
Added Component: Designator=R3(VR5)
Added Component: Designator=R4(AXIAL-0.3)
Added Component: Designator=VR1(TO-220-AB)
Added Component: Designator=VR2(TO-220-AB)
Added Pin To Net: NetName=Net1_1 Pin=1-1
Added Pin To Net: NetName=Net1_4 Pin=1-4
Added Pin To Net: NetName=Net2_1 Pin=2-1
Added Pin To Net: NetName=Net2_4 Pin=2-4
Added Pin To Net: NetName=Net3_1 Pin=3-1
Added Pin To Net: NetName=Net3_4 Pin=3-4
Added Pin To Net: NetName=Net3_1 Pin=C4-1
Added Pin To Net: NetName=GND Pin=C4-2
Added Pin To Net: NetName=Net3_4 Pin=C5-1
Added Pin To Net: NetName=GND Pin=C5-2
Added Pin To Net: NetName=Net1_4 Pin=C6+-1
Added Pin To Net: NetName=GND Pin=C6+-2
Added Pin To Net: NetName=Net3_4 Pin=C6-1
Added Pin To Net: NetName=GND Pin=C6-2
Added Pin To Net: NetName=NetC7_1 Pin=C7-1
Added Pin To Net: NetName=GND Pin=C7-2
Added Pin To Net: NetName=Net2_1 Pin=C9-1
Added Pin To Net: NetName=GND Pin=C9-2
Added Pin To Net: NetName=Net2_4 Pin=C10-1
Added Pin To Net: NetName=GND Pin=C10-2
Added Pin To Net: NetName=Net2_4 Pin=C11-1
Added Pin To Net: NetName=GND Pin=C11-2
Added Pin To Net: NetName=NetCt2_1 Pin=Ct2-1
Added Pin To Net: NetName=GND Pin=Ct2-2
Added Pin To Net: NetName=Net3_1 Pin=Ct3-1
Added Pin To Net: NetName=GND Pin=Ct3-2
Added Pin To Net: NetName=Net1_1 Pin=D1-1
Added Pin To Net: NetName=NetD1_2 Pin=D1-2
Added Pin To Net: NetName=GND Pin=D1-3
Added Pin To Net: NetName=NetD1_4 Pin=D1-4
Added Pin To Net: NetName=Net3_1 Pin=D2-1
Added Pin To Net: NetName=NetCt2_1 Pin=D2-2
Added Pin To Net: NetName=Net2_1 Pin=D3-1
Added Pin To Net: NetName=NetC7_1 Pin=D3-2
Added Pin To Net: NetName=NetD1_2 Pin=P1-1
Added Pin To Net: NetName=NetD1_2 Pin=P1-1
Added Pin To Net: NetName=NetD1_4 Pin=P2-1
Added Pin To Net: NetName=NetD1_4 Pin=P2-1
Added Pin To Net: NetName=Net3_4 Pin=P3-1
Added Pin To Net: NetName=Net3_4 Pin=P3-1
Added Pin To Net: NetName=GND Pin=P4-1
Added Pin To Net: NetName=GND Pin=P4-1
Added Pin To Net: NetName=Net2_4 Pin=P5-1
Added Pin To Net: NetName=Net2_4 Pin=P5-1
Added Pin To Net: NetName=GND Pin=P6-1
Added Pin To Net: NetName=GND Pin=P6-1
Added Pin To Net: NetName=Net3_1 Pin=Q1-1
Added Pin To Net: NetName=Net3_1 Pin=Q1-1
Added Pin To Net: NetName=NetCt2_1 Pin=Q1-2
Added Pin To Net: NetName=Net1_4 Pin=Q1-3
Added Pin To Net: NetName=Net2_1 Pin=Q2-1
Added Pin To Net: NetName=NetC7_1 Pin=Q2-2
Added Pin To Net: NetName=Net1_4 Pin=Q2-3
Added Pin To Net: NetName=Net1_4 Pin=R1-1
Added Pin To Net: NetName=NetCt2_1 Pin=R1-2
Added Pin To Net: NetName=Net1_4 Pin=R2-1
Added Pin To Net: NetName=NetC7_1 Pin=R2-2
Added Pin To Net: NetName=GND Pin=R3-1
Added Pin To Net: NetName=NetR3_2 Pin=R3-2
Added Pin To Net: NetName=GND Pin=R3-3
Added Pin To Net: NetName=NetR3_2 Pin=R4-1
Added Pin To Net: NetName=Net2_1 Pin=R4-2
Added Pin To Net: NetName=NetCt2_1 Pin=VR1-1
Added Pin To Net: NetName=GND Pin=VR1-2
Added Pin To Net: NetName=Net3_1 Pin=VR1-3
Added Pin To Net: NetName=NetC7_1 Pin=VR2-1
Added Pin To Net: NetName=NetR3_2 Pin=VR2-2
Added Pin To Net: NetName=Net2_1 Pin=VR2-3
Added Member To Class: ClassName=5v Member=Component 1 1mH 25A
Added Member To Class: ClassName=5v Member=Component 2 1mH 25A
Added Member To Class: ClassName=5v Member=Component 3 1mH 25A
Added Member To Class: ClassName=5v Member=Component C4 Cap Pol2
Added Member To Class: ClassName=5v Member=Component C5 Cap Pol1
Added Member To Class: ClassName=5v Member=Component C6+ Cap Pol1
Added Member To Class: ClassName=5v Member=Component C6 Cap Pol1
Added Member To Class: ClassName=5v Member=Component C7 Cap Tan
Added Member To Class: ClassName=5v Member=Component C9 Cap Pol2
Added Member To Class: ClassName=5v Member=Component C10 Cap Pol1
Added Member To Class: ClassName=5v Member=Component C11 Cap Pol1
Added Member To Class: ClassName=5v Member=Component Ct2 Cap Tan
Added Member To Class: ClassName=5v Member=Component Ct3 Cap Tan
Added Member To Class: ClassName=5v Member=Component D1 Bridge2
Added Member To Class: ClassName=5v Member=Component D2 Diodo
Added Member To Class: ClassName=5v Member=Component D3 Diodo
Added Member To Class: ClassName=5v Member=Component P1 CA
Added Member To Class: ClassName=5v Member=Component P2 Entrada
Added Member To Class: ClassName=5v Member=Component P3 CD
Added Member To Class: ClassName=5v Member=Component P4 Tierra
Added Member To Class: ClassName=5v Member=Component P5 CD
Added Member To Class: ClassName=5v Member=Component P6 
Added Member To Class: ClassName=5v Member=Component Q1 TO-3
Added Member To Class: ClassName=5v Member=Component Q2 TO-3
Added Member To Class: ClassName=5v Member=Component R1 Res1
Added Member To Class: ClassName=5v Member=Component R2 33 5W
Added Member To Class: ClassName=5v Member=Component R3 RPot
Added Member To Class: ClassName=5v Member=Component R4 Res1
Added Member To Class: ClassName=5v Member=Component VR1 7805
Added Member To Class: ClassName=5v Member=Component VR2 LM317
