Removed Pin From Net: NetName=Net1_1 Pin=1-1
Removed Pin From Net: NetName=Net1_4 Pin=1-4
Removed Pin From Net: NetName=Net2_1 Pin=2-1
Removed Pin From Net: NetName=Net2_4 Pin=2-4
Removed Pin From Net: NetName=Net3_1 Pin=3-1
Removed Pin From Net: NetName=Net3_4 Pin=3-4
Removed Pin From Net: NetName=Net1_1 Pin=D1-1
Removed Pin From Net: NetName=GND Pin=VAR2-1
Change Component DesignItemId : Designator=L1 Old DesignItemId=Inductor New DesignItemId=Bobina
Change Component Footprint: Designator=L1 Old Footprint=0402-A New Footprint=Bobina
Change Component Footprint: Designator=Q1 Old Footprint=PCBComponent_1 New Footprint=to3
Change Component Comment : Designator=P16 Old Comment=CD New Comment=GND
Change Component Comment : Designator=P13 Old Comment=CD New Comment=OUT
Change Component Comment : Designator=P15 Old Comment=CD New Comment=OUT
Change Component Comment : Designator=L1 Old Comment=Inductor New Comment=1mH
Change Component Comment : Designator=R1 Old Comment=Res1 New Comment=Res111
Change Component Designator: OldDesignator=D1 NewDesignator=D11
Change Component Designator: OldDesignator=P13 NewDesignator=P16
Change Component Designator: OldDesignator=P15 NewDesignator=P17
Change Component Designator: OldDesignator=P16 NewDesignator=P18
Change Component Designator: OldDesignator=Q1 NewDesignator=Q8
Change Component Designator: OldDesignator=R1 NewDesignator=R18
Change Component Designator: OldDesignator=R2 NewDesignator=R21
