Added Component: Designator=C12(RB7.6-15)
Added Component: Designator=C13(RAD-0.3)
Added Component: Designator=C14(RAD-0.4)
Added Component: Designator=C15(RAD-0.4)
Added Component: Designator=C16(RB7.6-15)
Added Component: Designator=C17(RAD-0.3)
Added Component: Designator=C18(RAD-0.4)
Added Component: Designator=C19(RAD-0.4)
Added Component: Designator=C20(RB7.6-15)
Added Component: Designator=C21(RAD-0.3)
Added Component: Designator=C22(RAD-0.4)
Added Component: Designator=C23(RAD-0.4)
Added Component: Designator=C24(RB7.6-15)
Added Component: Designator=C26(RB7.6-15)
Added Component: Designator=D1(LED-0)
Added Component: Designator=D4(PCBComponent_1)
Added Component: Designator=D5(DO-201AD)
Added Component: Designator=D6(DO-201AD)
Added Component: Designator=D7(DO-201AD)
Added Component: Designator=D8(LED-1)
Added Component: Designator=D9(LED-1)
Added Component: Designator=D10(LED-1)
Added Component: Designator=F1(PIN-W2/E2.8)
Added Component: Designator=F3(PIN-W2/E2.8)
Added Component: Designator=F4(PIN-W2/E2.8)
Added Component: Designator=F5(PIN-W2/E2.8)
Added Component: Designator=L1(0402-A)
Added Component: Designator=L3(AXIAL-0.5)
Added Component: Designator=L4(AXIAL-0.5)
Added Component: Designator=L5(AXIAL-0.5)
Added Component: Designator=L6(AXIAL-0.5)
Added Component: Designator=L8(AXIAL-0.5)
Added Component: Designator=P7(cONECTOR)
Added Component: Designator=P8(cONECTOR)
Added Component: Designator=P9(cONECTOR)
Added Component: Designator=P10(cONECTOR)
Added Component: Designator=P11(cONECTOR)
Added Component: Designator=P12(cONECTOR)
Added Component: Designator=P13(cONECTOR)
Added Component: Designator=P13(cONECTOR)
Added Component: Designator=P14(cONECTOR)
Added Component: Designator=P15(cONECTOR)
Added Component: Designator=P15(cONECTOR)
Added Component: Designator=P16(cONECTOR)
Added Component: Designator=Q1(TO-92A)
Added Component: Designator=Q5(TO-220-AB)
Added Component: Designator=Q6(TO-220-AB)
Added Component: Designator=Q7(TO-220-AB)
Added Component: Designator=R1(AXIAL-0.3)
Added Component: Designator=R2(AXIAL-0.3)
Added Component: Designator=R5(AXIAL-0.4)
Added Component: Designator=R6(AXIAL-0.4)
Added Component: Designator=R7(AXIAL-0.4)
Added Component: Designator=VAR1(TO-220_A)
Added Component: Designator=VAR2(TO-220_A)
Added Component: Designator=Var3(AXIAL-0.4)
Added Component: Designator=Var4(AXIAL-0.4)
Added Component: Designator=Var5(AXIAL-0.4)
Added Component: Designator=VR3(TO-220-AB)
Added Component: Designator=VR4(TO-220-AB)
Added Component: Designator=VR5(TO-220-AB)
Added Pin To Net: NetName=GND Pin=C12-2
Added Pin To Net: NetName=GND Pin=C13-2
Added Pin To Net: NetName=GND Pin=C14-2
Added Pin To Net: NetName=GND Pin=C15-2
Added Pin To Net: NetName=GND Pin=C16-2
Added Pin To Net: NetName=GND Pin=C17-2
Added Pin To Net: NetName=GND Pin=C18-2
Added Pin To Net: NetName=GND Pin=C19-1
Added Pin To Net: NetName=GND Pin=C20-1
Added Pin To Net: NetName=GND Pin=C21-2
Added Pin To Net: NetName=GND Pin=C22-2
Added Pin To Net: NetName=GND Pin=C23-1
Added Pin To Net: NetName=GND Pin=C24-1
Added Pin To Net: NetName=GND Pin=C26-1
Added Pin To Net: NetName=GND Pin=P9-1
Added Pin To Net: NetName=GND Pin=P9-1
Added Pin To Net: NetName=GND Pin=P11-1
Added Pin To Net: NetName=GND Pin=P11-1
Added Pin To Net: NetName=GND Pin=P13-1
Added Pin To Net: NetName=GND Pin=P13-1
Added Pin To Net: NetName=GND Pin=P15-1
Added Pin To Net: NetName=GND Pin=P15-1
Added Pin To Net: NetName=GND Pin=P16-1
Added Pin To Net: NetName=GND Pin=P16-1
Added Pin To Net: NetName=GND Pin=Q1-3
Added Pin To Net: NetName=GND Pin=Q5-3
Added Pin To Net: NetName=GND Pin=Q6-3
Added Pin To Net: NetName=GND Pin=Q7-3
Added Pin To Net: NetName=GND Pin=VAR1-1
Added Pin To Net: NetName=GND Pin=VAR2-1
