Removed Pin From Net: NetName=Net*_1 Pin=*-1
Removed Pin From Net: NetName=Net*_2 Pin=*-2
Removed Pin From Net: NetName=Net*_3 Pin=*-3
Removed Pin From Net: NetName=Net*_4 Pin=*-4
Removed Pin From Net: NetName=Net*_4 Pin=C1-1
Removed Pin From Net: NetName=GND Pin=C1-2
Removed Member From Class: ClassName=5v Member=*
Removed Member From Class: ClassName=5v Member=C1
Change Component Designator: OldDesignator=C2 NewDesignator=Ct2
Change Component Designator: OldDesignator=C3 NewDesignator=Ct3
Change Component Designator: OldDesignator=Q1 PNP NewDesignator=Q1
Added Component: Designator=1(Bobina)
Added Component: Designator=2(Bobina)
Added Component: Designator=3(Bobina)
Added Component: Designator=C6+(RB7.6-15)
Added Component: Designator=C7(POLAR0.8)
Added Component: Designator=C9(RB7.6-15)
Added Component: Designator=C10(RB7.6-15)
Added Component: Designator=C11(RB7.6-15)
Added Component: Designator=D3(DO-201AD)
Added Component: Designator=P5(cONECTOR)
Added Component: Designator=P6(cONECTOR)
Added Component: Designator=Q2(SOT-23B_N)
Added Component: Designator=R2(AXIAL-0.3)
Added Component: Designator=R3(VR5)
Added Component: Designator=R4(AXIAL-0.3)
Added Component: Designator=VR2(TO-220-AB)
Added Pin To Net: NetName=Net*_1 Pin=1-1
Added Pin To Net: NetName=Net*_4 Pin=1-4
Added Pin To Net: NetName=Net*_3 Pin=3-1
Added Pin To Net: NetName=Net*_2 Pin=3-4
Added Pin To Net: NetName=Net*_4 Pin=C6+-1
Added Pin To Net: NetName=GND Pin=C6+-2
Added Pin To Net: NetName=GND Pin=C7-2
Added Pin To Net: NetName=GND Pin=C9-2
Added Pin To Net: NetName=GND Pin=C10-2
Added Pin To Net: NetName=GND Pin=C11-2
Added Pin To Net: NetName=GND Pin=P6-1
Added Pin To Net: NetName=GND Pin=P6-1
Added Pin To Net: NetName=Net*_4 Pin=Q2-3
Added Pin To Net: NetName=Net*_4 Pin=R2-1
Added Pin To Net: NetName=GND Pin=R3-1
Added Pin To Net: NetName=GND Pin=R3-3
Change Net Name : Old Net Name=Net*_1 New Net Name=Net1_1
Change Net Name : Old Net Name=Net*_2 New Net Name=Net3_4
Change Net Name : Old Net Name=Net*_3 New Net Name=Net3_1
Change Net Name : Old Net Name=Net*_4 New Net Name=Net1_4
Change Net Name : Old Net Name=NetC2_1 New Net Name=NetCt2_1
Added Pin To Net: NetName=Net2_1 Pin=2-1
Added Pin To Net: NetName=Net2_1 Pin=C9-1
Added Pin To Net: NetName=Net2_1 Pin=D3-1
Added Pin To Net: NetName=Net2_1 Pin=Q2-1
Added Pin To Net: NetName=Net2_1 Pin=R4-2
Added Pin To Net: NetName=Net2_1 Pin=VR2-3
Added Net: Name=Net2_1
Added Pin To Net: NetName=Net2_4 Pin=2-4
Added Pin To Net: NetName=Net2_4 Pin=C10-1
Added Pin To Net: NetName=Net2_4 Pin=C11-1
Added Pin To Net: NetName=Net2_4 Pin=P5-1
Added Pin To Net: NetName=Net2_4 Pin=P5-1
Added Net: Name=Net2_4
Added Pin To Net: NetName=NetC7_1 Pin=C7-1
Added Pin To Net: NetName=NetC7_1 Pin=D3-2
Added Pin To Net: NetName=NetC7_1 Pin=Q2-2
Added Pin To Net: NetName=NetC7_1 Pin=R2-2
Added Pin To Net: NetName=NetC7_1 Pin=VR2-1
Added Net: Name=NetC7_1
Added Pin To Net: NetName=NetR3_2 Pin=R3-2
Added Pin To Net: NetName=NetR3_2 Pin=R4-1
Added Pin To Net: NetName=NetR3_2 Pin=VR2-2
Added Net: Name=NetR3_2
Added Member To Class: ClassName=5v Member=Component 1 1mH 25A
Added Member To Class: ClassName=5v Member=Component 2 1mH 25A
Added Member To Class: ClassName=5v Member=Component 3 1mH 25A
Added Member To Class: ClassName=5v Member=Component C6+ Cap Pol1
Added Member To Class: ClassName=5v Member=Component C7 Cap Tan
Added Member To Class: ClassName=5v Member=Component C9 Cap Pol2
Added Member To Class: ClassName=5v Member=Component C10 Cap Pol1
Added Member To Class: ClassName=5v Member=Component C11 Cap Pol1
Added Member To Class: ClassName=5v Member=Component D3 Diodo
Added Member To Class: ClassName=5v Member=Component P5 CD
Added Member To Class: ClassName=5v Member=Component P6 
Added Member To Class: ClassName=5v Member=Component Q2 TO-3
Added Member To Class: ClassName=5v Member=Component R2 33 5W
Added Member To Class: ClassName=5v Member=Component R3 RPot
Added Member To Class: ClassName=5v Member=Component R4 Res1
Added Member To Class: ClassName=5v Member=Component VR2 LM317
Added Room: Name=5v
