Added Component: Designator=D1(PuenteRect)
Added Component: Designator=D2(SuperDiodo)
Added Component: Designator=D3(SuperDiodo)
Added Component: Designator=L1(Bobina)
Added Component: Designator=L2(Bobina)
Added Component: Designator=L3(Bobina)
Added Component: Designator=P1(cONECTOR)
Added Component: Designator=P2(cONECTOR)
Added Component: Designator=P3(cONECTOR)
Added Component: Designator=P4(cONECTOR)
Added Component: Designator=P5(cONECTOR)
Added Component: Designator=P6(cONECTOR)
Added Component: Designator=Q1(to3)
Added Component: Designator=Q2(to3)
Added Component: Designator=R1(AXIAL-0.9)
Added Component: Designator=R2(AXIAL-0.9)
Added Component: Designator=R3(potbourns)
Added Component: Designator=R4(AXIAL-0.3)
Added Component: Designator=VR1(HEATSINK)
Added Component: Designator=VR2(HEATSINK)
Added Pin To Net: NetName=NetC4_1 Pin=C4-1
Added Pin To Net: NetName=GND Pin=C4-2
Added Pin To Net: NetName=NetC5_1 Pin=C5-1
Added Pin To Net: NetName=GND Pin=C5-2
Added Pin To Net: NetName=NetC5_1 Pin=C6-1
Added Pin To Net: NetName=GND Pin=C6-2
Added Pin To Net: NetName=NetC7_1 Pin=C7-1
Added Pin To Net: NetName=GND Pin=C7-2
Added Pin To Net: NetName=NetC8_1 Pin=C8-1
Added Pin To Net: NetName=GND Pin=C8-2
Added Pin To Net: NetName=NetC9_1 Pin=C9-1
Added Pin To Net: NetName=GND Pin=C9-2
Added Pin To Net: NetName=NetC10_1 Pin=C10-1
Added Pin To Net: NetName=GND Pin=C10-2
Added Pin To Net: NetName=NetC10_1 Pin=C11-1
Added Pin To Net: NetName=GND Pin=C11-2
Added Pin To Net: NetName=NetCt2_1 Pin=Ct2-1
Added Pin To Net: NetName=GND Pin=Ct2-2
Added Pin To Net: NetName=NetC4_1 Pin=Ct3-1
Added Pin To Net: NetName=GND Pin=Ct3-2
Added Pin To Net: NetName=NetD1_1 Pin=D1-1
Added Pin To Net: NetName=NetD1_2 Pin=D1-2
Added Pin To Net: NetName=GND Pin=D1-3
Added Pin To Net: NetName=NetD1_4 Pin=D1-4
Added Pin To Net: NetName=NetC4_1 Pin=D2-1
Added Pin To Net: NetName=NetCt2_1 Pin=D2-2
Added Pin To Net: NetName=NetC9_1 Pin=D3-1
Added Pin To Net: NetName=NetC8_1 Pin=D3-2
Added Pin To Net: NetName=NetD1_1 Pin=L1-1
Added Pin To Net: NetName=NetD1_1 Pin=L1-2
Added Pin To Net: NetName=NetC7_1 Pin=L1-3
Added Pin To Net: NetName=NetC7_1 Pin=L1-4
Added Pin To Net: NetName=NetC4_1 Pin=L2-1
Added Pin To Net: NetName=NetC4_1 Pin=L2-2
Added Pin To Net: NetName=NetC5_1 Pin=L2-3
Added Pin To Net: NetName=NetC5_1 Pin=L2-4
Added Pin To Net: NetName=NetC9_1 Pin=L3-1
Added Pin To Net: NetName=NetC9_1 Pin=L3-2
Added Pin To Net: NetName=NetC10_1 Pin=L3-3
Added Pin To Net: NetName=NetC10_1 Pin=L3-4
Added Pin To Net: NetName=NetD1_2 Pin=P1-1
Added Pin To Net: NetName=NetD1_2 Pin=P1-1
Added Pin To Net: NetName=NetD1_4 Pin=P2-1
Added Pin To Net: NetName=NetD1_4 Pin=P2-1
Added Pin To Net: NetName=NetC5_1 Pin=P3-1
Added Pin To Net: NetName=NetC5_1 Pin=P3-1
Added Pin To Net: NetName=GND Pin=P4-1
Added Pin To Net: NetName=GND Pin=P4-1
Added Pin To Net: NetName=NetC10_1 Pin=P5-1
Added Pin To Net: NetName=NetC10_1 Pin=P5-1
Added Pin To Net: NetName=GND Pin=P6-1
Added Pin To Net: NetName=GND Pin=P6-1
Added Pin To Net: NetName=NetC4_1 Pin=Q1-1
Added Pin To Net: NetName=NetC4_1 Pin=Q1-1
Added Pin To Net: NetName=NetCt2_1 Pin=Q1-2
Added Pin To Net: NetName=NetC7_1 Pin=Q1-3
Added Pin To Net: NetName=NetC9_1 Pin=Q2-1
Added Pin To Net: NetName=NetC9_1 Pin=Q2-1
Added Pin To Net: NetName=NetC8_1 Pin=Q2-2
Added Pin To Net: NetName=NetC7_1 Pin=Q2-3
Added Pin To Net: NetName=NetC7_1 Pin=R1-1
Added Pin To Net: NetName=NetCt2_1 Pin=R1-2
Added Pin To Net: NetName=NetC7_1 Pin=R2-1
Added Pin To Net: NetName=NetC8_1 Pin=R2-2
Added Pin To Net: NetName=GND Pin=R3-1
Added Pin To Net: NetName=NetR3_2 Pin=R3-2
Added Pin To Net: NetName=GND Pin=R3-3
Added Pin To Net: NetName=NetR3_2 Pin=R4-1
Added Pin To Net: NetName=NetC9_1 Pin=R4-2
Added Pin To Net: NetName=NetCt2_1 Pin=VR1-1
Added Pin To Net: NetName=GND Pin=VR1-2
Added Pin To Net: NetName=NetC4_1 Pin=VR1-3
Added Pin To Net: NetName=NetR3_2 Pin=VR2-1
Added Pin To Net: NetName=NetC9_1 Pin=VR2-2
Added Pin To Net: NetName=NetC8_1 Pin=VR2-3
Added Member To Class: ClassName=5v Member=Component C4 Cap Pol2
Added Member To Class: ClassName=5v Member=Component C5 Cap Pol1
Added Member To Class: ClassName=5v Member=Component C6 Cap Pol1
Added Member To Class: ClassName=5v Member=Component C7 Cap Pol1
Added Member To Class: ClassName=5v Member=Component C8 Cap Tan
Added Member To Class: ClassName=5v Member=Component C9 Cap Pol2
Added Member To Class: ClassName=5v Member=Component C10 Cap Pol1
Added Member To Class: ClassName=5v Member=Component C11 Cap Pol1
Added Member To Class: ClassName=5v Member=Component Ct2 Cap Tan
Added Member To Class: ClassName=5v Member=Component Ct3 Cap Tan
Added Member To Class: ClassName=5v Member=Component D1 Bridge2
Added Member To Class: ClassName=5v Member=Component D2 Diodo
Added Member To Class: ClassName=5v Member=Component D3 Diodo
Added Member To Class: ClassName=5v Member=Component L1 1mH
Added Member To Class: ClassName=5v Member=Component L2 1mH
Added Member To Class: ClassName=5v Member=Component L3 1mH
Added Member To Class: ClassName=5v Member=Component P1 CA
Added Member To Class: ClassName=5v Member=Component P2 Entrada
Added Member To Class: ClassName=5v Member=Component P3 CD
Added Member To Class: ClassName=5v Member=Component P4 Tierra
Added Member To Class: ClassName=5v Member=Component P5 CD
Added Member To Class: ClassName=5v Member=Component P6 
Added Member To Class: ClassName=5v Member=Component Q1 TO-3
Added Member To Class: ClassName=5v Member=Component Q2 TO-3
Added Member To Class: ClassName=5v Member=Component R1 Res111
Added Member To Class: ClassName=5v Member=Component R2 33 5W
Added Member To Class: ClassName=5v Member=Component R3 RPot
Added Member To Class: ClassName=5v Member=Component R4 Res1
Added Member To Class: ClassName=5v Member=Component VR1 7805
Added Member To Class: ClassName=5v Member=Component VR2 LM317
Added Room: Name=5v
