Change Component Designator: OldDesignator=D1 NewDesignator=D4
Change Component Designator: OldDesignator=D4 NewDesignator=D5
Change Component Designator: OldDesignator=D5 NewDesignator=D6
Change Component Designator: OldDesignator=D6 NewDesignator=D7
Change Component Designator: OldDesignator=P1 NewDesignator=P7
Change Component Designator: OldDesignator=P2 NewDesignator=P8
Change Component Designator: OldDesignator=P3 NewDesignator=P9
Change Component Designator: OldDesignator=P7 NewDesignator=P10
Change Component Designator: OldDesignator=P8 NewDesignator=P11
Change Component Designator: OldDesignator=P9 NewDesignator=P12
Change Component Designator: OldDesignator=P10 NewDesignator=P13
Change Component Designator: OldDesignator=P11 NewDesignator=P14
Change Component Designator: OldDesignator=P12 NewDesignator=P15
Added Component: Designator=Q1(to3)
Added Component: Designator=Q2(to3)
Added Component: Designator=Q5(TO-220-AB)
Added Component: Designator=Q6(TO-220-AB)
Added Component: Designator=Q7(TO-220-AB)
Added Component: Designator=R1(AXIAL-0.3)
Added Component: Designator=R1(AXIAL-0.3)
Added Component: Designator=R2(AXIAL-0.3)
Added Component: Designator=R2(AXIAL-0.3)
Added Component: Designator=R3(VR5)
Added Component: Designator=R4(AXIAL-0.3)
Added Component: Designator=R5(AXIAL-0.4)
Added Component: Designator=R6(AXIAL-0.4)
Added Component: Designator=R7(AXIAL-0.4)
Added Component: Designator=R8(AXIAL-0.3)
Added Component: Designator=R?(VR5)
Added Component: Designator=VAR1(TO-220_A)
Added Component: Designator=VAR2(TO-220_A)
Added Component: Designator=Var3(AXIAL-0.4)
Added Component: Designator=Var4(AXIAL-0.4)
Added Component: Designator=Var5(AXIAL-0.4)
Added Component: Designator=VR1(TO-220-AB)
Added Component: Designator=VR2(TO-220-AB)
Added Component: Designator=VR3(TO-220-AB)
Added Component: Designator=VR4(TO-220-AB)
Added Component: Designator=VR5(TO-220-AB)
Added Pin To Net: NetName=GND Pin=C4-2
Added Pin To Net: NetName=GND Pin=C5-2
Added Pin To Net: NetName=GND Pin=C6+-2
Added Pin To Net: NetName=GND Pin=C6-2
Added Pin To Net: NetName=GND Pin=C7-2
Added Pin To Net: NetName=GND Pin=C9-2
Added Pin To Net: NetName=GND Pin=C10-2
Added Pin To Net: NetName=GND Pin=C11-2
Added Pin To Net: NetName=GND Pin=C12-2
Added Pin To Net: NetName=GND Pin=C13-2
Added Pin To Net: NetName=GND Pin=C14-2
Added Pin To Net: NetName=GND Pin=C15-2
Added Pin To Net: NetName=GND Pin=C16-2
Added Pin To Net: NetName=GND Pin=C17-2
Added Pin To Net: NetName=GND Pin=C18-2
Added Pin To Net: NetName=GND Pin=C19-1
Added Pin To Net: NetName=GND Pin=C20-1
Added Pin To Net: NetName=GND Pin=C21-2
Added Pin To Net: NetName=GND Pin=C22-2
Added Pin To Net: NetName=GND Pin=C23-1
Added Pin To Net: NetName=GND Pin=C24-1
Added Pin To Net: NetName=GND Pin=C26-1
Added Pin To Net: NetName=GND Pin=Ct2-2
Added Pin To Net: NetName=GND Pin=Ct3-2
Added Pin To Net: NetName=GND Pin=D1-3
Added Pin To Net: NetName=GND Pin=P4-1
Added Pin To Net: NetName=GND Pin=P4-1
Added Pin To Net: NetName=GND Pin=P6-1
Added Pin To Net: NetName=GND Pin=P6-1
Added Pin To Net: NetName=GND Pin=P9-1
Added Pin To Net: NetName=GND Pin=P9-1
Added Pin To Net: NetName=GND Pin=P11-1
Added Pin To Net: NetName=GND Pin=P11-1
Added Pin To Net: NetName=GND Pin=P13-1
Added Pin To Net: NetName=GND Pin=P13-1
Added Pin To Net: NetName=GND Pin=P15-1
Added Pin To Net: NetName=GND Pin=P15-1
Added Pin To Net: NetName=GND Pin=P16-1
Added Pin To Net: NetName=GND Pin=P16-1
Added Pin To Net: NetName=GND Pin=Q1-3
Added Pin To Net: NetName=GND Pin=Q5-3
Added Pin To Net: NetName=GND Pin=Q6-3
Added Pin To Net: NetName=GND Pin=Q7-3
Added Pin To Net: NetName=GND Pin=R3-1
Added Pin To Net: NetName=GND Pin=R3-3
Added Pin To Net: NetName=GND Pin=R?-1
Added Pin To Net: NetName=GND Pin=R?-3
Added Pin To Net: NetName=GND Pin=VAR1-1
Added Pin To Net: NetName=GND Pin=VAR2-1
Added Pin To Net: NetName=GND Pin=Var3-1
Added Pin To Net: NetName=GND Pin=Var4-1
Added Pin To Net: NetName=GND Pin=Var5-1
Added Pin To Net: NetName=GND Pin=VR1-2
Added Pin To Net: NetName=GND Pin=VR3-2
Added Pin To Net: NetName=GND Pin=VR4-2
Added Net: Name=GND
Added Pin To Net: NetName=Net1_1 Pin=1-1
Added Pin To Net: NetName=Net1_1 Pin=D1-1
Added Net: Name=Net1_1
Added Pin To Net: NetName=Net1_4 Pin=1-4
Added Pin To Net: NetName=Net1_4 Pin=C6+-1
Added Pin To Net: NetName=Net1_4 Pin=Q1-3
Added Pin To Net: NetName=Net1_4 Pin=Q2-3
Added Pin To Net: NetName=Net1_4 Pin=R1-1
Added Pin To Net: NetName=Net1_4 Pin=R2-1
Added Net: Name=Net1_4
Added Pin To Net: NetName=Net2_1 Pin=2-1
Added Pin To Net: NetName=Net2_1 Pin=C9-1
Added Pin To Net: NetName=Net2_1 Pin=D3-1
Added Pin To Net: NetName=Net2_1 Pin=Q2-1
Added Pin To Net: NetName=Net2_1 Pin=Q2-1
Added Pin To Net: NetName=Net2_1 Pin=R4-2
Added Pin To Net: NetName=Net2_1 Pin=VR2-3
Added Net: Name=Net2_1
Added Pin To Net: NetName=Net2_4 Pin=2-4
Added Pin To Net: NetName=Net2_4 Pin=C10-1
Added Pin To Net: NetName=Net2_4 Pin=C11-1
Added Pin To Net: NetName=Net2_4 Pin=P5-1
Added Pin To Net: NetName=Net2_4 Pin=P5-1
Added Net: Name=Net2_4
Added Pin To Net: NetName=Net3_1 Pin=3-1
Added Pin To Net: NetName=Net3_1 Pin=C4-1
Added Pin To Net: NetName=Net3_1 Pin=Ct3-1
Added Pin To Net: NetName=Net3_1 Pin=D2-1
Added Pin To Net: NetName=Net3_1 Pin=Q1-1
Added Pin To Net: NetName=Net3_1 Pin=Q1-1
Added Pin To Net: NetName=Net3_1 Pin=VR1-3
Added Net: Name=Net3_1
Added Pin To Net: NetName=Net3_4 Pin=3-4
Added Pin To Net: NetName=Net3_4 Pin=C5-1
Added Pin To Net: NetName=Net3_4 Pin=C6-1
Added Pin To Net: NetName=Net3_4 Pin=P3-1
Added Pin To Net: NetName=Net3_4 Pin=P3-1
Added Net: Name=Net3_4
Added Pin To Net: NetName=NetC7_1 Pin=C7-1
Added Pin To Net: NetName=NetC7_1 Pin=D3-2
Added Pin To Net: NetName=NetC7_1 Pin=Q2-2
Added Pin To Net: NetName=NetC7_1 Pin=R2-2
Added Pin To Net: NetName=NetC7_1 Pin=VR2-1
Added Net: Name=NetC7_1
Added Pin To Net: NetName=NetC12_1 Pin=C12-1
Added Pin To Net: NetName=NetC12_1 Pin=C13-1
Added Pin To Net: NetName=NetC12_1 Pin=D5-2
Added Pin To Net: NetName=NetC12_1 Pin=L3-2
Added Pin To Net: NetName=NetC12_1 Pin=VR3-1
Added Net: Name=NetC12_1
Added Pin To Net: NetName=NetC14_1 Pin=C14-1
Added Pin To Net: NetName=NetC14_1 Pin=C15-1
Added Pin To Net: NetName=NetC14_1 Pin=D5-1
Added Pin To Net: NetName=NetC14_1 Pin=L4-1
Added Pin To Net: NetName=NetC14_1 Pin=VR3-3
Added Net: Name=NetC14_1
Added Pin To Net: NetName=NetC16_1 Pin=C16-1
Added Pin To Net: NetName=NetC16_1 Pin=D8-2
Added Pin To Net: NetName=NetC16_1 Pin=F3-1
Added Pin To Net: NetName=NetC16_1 Pin=L4-2
Added Pin To Net: NetName=NetC16_1 Pin=Q5-1
Added Pin To Net: NetName=NetC16_1 Pin=Q5-2
Added Net: Name=NetC16_1
Added Pin To Net: NetName=NetC17_1 Pin=C17-1
Added Pin To Net: NetName=NetC17_1 Pin=C21-1
Added Pin To Net: NetName=NetC17_1 Pin=C26-2
Added Pin To Net: NetName=NetC17_1 Pin=D6-1
Added Pin To Net: NetName=NetC17_1 Pin=D7-1
Added Pin To Net: NetName=NetC17_1 Pin=L8-2
Added Pin To Net: NetName=NetC17_1 Pin=VR4-1
Added Pin To Net: NetName=NetC17_1 Pin=VR5-1
Added Net: Name=NetC17_1
Added Pin To Net: NetName=NetC18_1 Pin=C18-1
Added Pin To Net: NetName=NetC18_1 Pin=C19-2
Added Pin To Net: NetName=NetC18_1 Pin=D6-2
Added Pin To Net: NetName=NetC18_1 Pin=L5-1
Added Pin To Net: NetName=NetC18_1 Pin=VR4-3
Added Net: Name=NetC18_1
Added Pin To Net: NetName=NetC20_2 Pin=C20-2
Added Pin To Net: NetName=NetC20_2 Pin=D9-2
Added Pin To Net: NetName=NetC20_2 Pin=F4-1
Added Pin To Net: NetName=NetC20_2 Pin=L5-2
Added Pin To Net: NetName=NetC20_2 Pin=Q6-1
Added Pin To Net: NetName=NetC20_2 Pin=Q6-2
Added Net: Name=NetC20_2
Added Pin To Net: NetName=NetC22_1 Pin=C22-1
Added Pin To Net: NetName=NetC22_1 Pin=C23-2
Added Pin To Net: NetName=NetC22_1 Pin=D7-2
Added Pin To Net: NetName=NetC22_1 Pin=L6-1
Added Pin To Net: NetName=NetC22_1 Pin=R8-2
Added Pin To Net: NetName=NetC22_1 Pin=VR5-3
Added Net: Name=NetC22_1
Added Pin To Net: NetName=NetC24_2 Pin=C24-2
Added Pin To Net: NetName=NetC24_2 Pin=D10-2
Added Pin To Net: NetName=NetC24_2 Pin=F5-1
Added Pin To Net: NetName=NetC24_2 Pin=L6-2
Added Pin To Net: NetName=NetC24_2 Pin=Q7-1
Added Pin To Net: NetName=NetC24_2 Pin=Q7-2
Added Net: Name=NetC24_2
Added Pin To Net: NetName=NetCt2_1 Pin=Ct2-1
Added Pin To Net: NetName=NetCt2_1 Pin=D2-2
Added Pin To Net: NetName=NetCt2_1 Pin=Q1-2
Added Pin To Net: NetName=NetCt2_1 Pin=R1-2
Added Pin To Net: NetName=NetCt2_1 Pin=VR1-1
Added Net: Name=NetCt2_1
Added Pin To Net: NetName=NetD1_1 Pin=D1-1
Added Pin To Net: NetName=NetD1_1 Pin=R2-1
Added Net: Name=NetD1_1
Added Pin To Net: NetName=NetD1_2 Pin=D1-2
Added Pin To Net: NetName=NetD1_2 Pin=P1-1
Added Pin To Net: NetName=NetD1_2 Pin=P1-1
Added Net: Name=NetD1_2
