Added Component: Designator=1(Bobina)
Added Component: Designator=2(Bobina)
Added Component: Designator=3(Bobina)
Added Component: Designator=C4(RAD-0.4)
Added Component: Designator=C5(RB7.6-15)
Added Component: Designator=C6+(RB7.6-15)
Added Component: Designator=C6(RB7.6-15)
Added Component: Designator=C7(POLAR0.8)
Added Component: Designator=C9(RB7.6-15)
Added Component: Designator=C10(RB7.6-15)
Added Component: Designator=C11(RB7.6-15)
Added Component: Designator=C12(RB7.6-15)
Added Component: Designator=C13(RAD-0.3)
Added Component: Designator=C14(RAD-0.4)
Added Component: Designator=C15(RAD-0.4)
Added Component: Designator=C16(RB7.6-15)
Added Component: Designator=C17(RAD-0.3)
Added Component: Designator=C18(RAD-0.4)
Added Component: Designator=C19(RAD-0.4)
Added Component: Designator=C20(RB7.6-15)
Added Component: Designator=C21(RAD-0.3)
Added Component: Designator=C22(RAD-0.4)
Added Component: Designator=C23(RAD-0.4)
Added Component: Designator=C24(RB7.6-15)
Added Component: Designator=C26(RB7.6-15)
Added Component: Designator=Ct2(RAD-0.3)
Added Component: Designator=Ct3(RAD-0.4)
Added Component: Designator=D1(PCBComponent_1)
Added Component: Designator=D1(LED-0)
Added Component: Designator=D1(PCBComponent_1)
Added Component: Designator=D2(PCBComponent_1)
Added Component: Designator=D3(DO-201AD)
Added Component: Designator=D4(DO-201AD)
Added Component: Designator=D5(DO-201AD)
Added Component: Designator=D6(DO-201AD)
Added Component: Designator=D8(LED-1)
Added Component: Designator=D9(LED-1)
Added Component: Designator=D10(LED-1)
Added Component: Designator=F1(PIN-W2/E2.8)
Added Component: Designator=F1(PIN-W2/E2.8)
Added Component: Designator=F2(PIN-W2/E2.8)
Added Component: Designator=F3(PIN-W2/E2.8)
Added Component: Designator=L1(0402-A)
Added Component: Designator=L3(AXIAL-0.5)
Added Component: Designator=L4(AXIAL-0.5)
Added Component: Designator=L5(AXIAL-0.5)
Added Component: Designator=L6(AXIAL-0.5)
Added Component: Designator=L8(AXIAL-0.5)
Added Component: Designator=P1(cONECTOR)
Added Component: Designator=P1(cONECTOR)
Added Component: Designator=P2(cONECTOR)
Added Component: Designator=P2(cONECTOR)
Added Component: Designator=P3(cONECTOR)
Added Component: Designator=P3(cONECTOR)
Added Component: Designator=P4(cONECTOR)
Added Component: Designator=P5(cONECTOR)
Added Component: Designator=P6(cONECTOR)
Added Component: Designator=P7(cONECTOR)
Added Component: Designator=P8(cONECTOR)
Added Component: Designator=P9(cONECTOR)
Added Component: Designator=P10(cONECTOR)
Added Component: Designator=P11(cONECTOR)
Added Component: Designator=P12(cONECTOR)
Added Component: Designator=P13(cONECTOR)
Added Component: Designator=P15(cONECTOR)
Added Component: Designator=P16(cONECTOR)
Added Component: Designator=Q1(TO-92A)
