Added Component: Designator=L4(bobinita)
Added Component: Designator=L5(bobinita)
Added Component: Designator=L6(bobinita)
Added Component: Designator=L7(bobinita)
Added Component: Designator=L8(bobinita)
Added Pin To Net: NetName=NetC14_1 Pin=L4-1
Added Pin To Net: NetName=NetC16_1 Pin=L4-2
Added Pin To Net: NetName=NetC18_1 Pin=L5-1
Added Pin To Net: NetName=NetC20_2 Pin=L5-2
Added Pin To Net: NetName=Net337_3 Pin=L6-1
Added Pin To Net: NetName=NetC24_2 Pin=L6-2
Added Pin To Net: NetName=NetL7_1 Pin=L7-1
Added Pin To Net: NetName=NetC12_1 Pin=L7-2
Added Pin To Net: NetName=NetL8_1 Pin=L8-1
Added Pin To Net: NetName=Net337_1 Pin=L8-2
Added Member To Class: ClassName=Simetrica Member=Component L4 Inductor1
Added Member To Class: ClassName=Simetrica Member=Component L5 Inductor1
Added Member To Class: ClassName=Simetrica Member=Component L6 Inductor1
Added Member To Class: ClassName=Simetrica Member=Component L7 Inductor1
Added Member To Class: ClassName=Simetrica Member=Component L8 Inductor1
