Added Component: Designator=P7(cONECTOR)
Added Component: Designator=P8(cONECTOR)
Added Component: Designator=P9(cONECTOR)
Added Component: Designator=P10(cONECTOR)
Added Component: Designator=P11(cONECTOR)
Added Component: Designator=P12(cONECTOR)
Added Component: Designator=P13(cONECTOR)
Added Component: Designator=P14(cONECTOR)
Added Component: Designator=P15(cONECTOR)
Added Component: Designator=R8(AXIAL-0.3)
Added Component: Designator=R15(VR5)
Added Component: Designator=VR3(TO-220-AB)
Added Component: Designator=VR4(TO-220-AB)
Added Component: Designator=VR5(TO-220-AB)
Added Pin To Net: NetName=GND Pin=C12-2
Added Pin To Net: NetName=GND Pin=C13-2
Added Pin To Net: NetName=GND Pin=C14-2
Added Pin To Net: NetName=GND Pin=C15-2
Added Pin To Net: NetName=GND Pin=C16-2
Added Pin To Net: NetName=GND Pin=C17-2
Added Pin To Net: NetName=GND Pin=C18-2
Added Pin To Net: NetName=GND Pin=C19-1
Added Pin To Net: NetName=GND Pin=C20-1
Added Pin To Net: NetName=GND Pin=C21-2
Added Pin To Net: NetName=GND Pin=C22-2
Added Pin To Net: NetName=GND Pin=C23-1
Added Pin To Net: NetName=GND Pin=C24-1
Added Pin To Net: NetName=GND Pin=C26-1
Added Pin To Net: NetName=GND Pin=P9-1
Added Pin To Net: NetName=GND Pin=P9-1
Added Pin To Net: NetName=GND Pin=P11-1
Added Pin To Net: NetName=GND Pin=P11-1
Added Pin To Net: NetName=GND Pin=P13-1
Added Pin To Net: NetName=GND Pin=P13-1
Added Pin To Net: NetName=GND Pin=P15-1
Added Pin To Net: NetName=GND Pin=P15-1
Added Pin To Net: NetName=GND Pin=R15-1
Added Pin To Net: NetName=GND Pin=R15-3
Added Pin To Net: NetName=GND Pin=VR3-2
Added Pin To Net: NetName=GND Pin=VR4-2
Added Net: Name=GND
Added Pin To Net: NetName=NetC12_1 Pin=C12-1
Added Pin To Net: NetName=NetC12_1 Pin=C13-1
Added Pin To Net: NetName=NetC12_1 Pin=D5-2
Added Pin To Net: NetName=NetC12_1 Pin=L7-2
Added Pin To Net: NetName=NetC12_1 Pin=VR3-1
Added Net: Name=NetC12_1
Added Pin To Net: NetName=NetC14_1 Pin=C14-1
Added Pin To Net: NetName=NetC14_1 Pin=C15-1
Added Pin To Net: NetName=NetC14_1 Pin=D5-1
Added Pin To Net: NetName=NetC14_1 Pin=L4-1
Added Pin To Net: NetName=NetC14_1 Pin=VR3-3
Added Net: Name=NetC14_1
Added Pin To Net: NetName=NetC16_1 Pin=C16-1
Added Pin To Net: NetName=NetC16_1 Pin=L4-2
Added Pin To Net: NetName=NetC16_1 Pin=P10-1
Added Pin To Net: NetName=NetC16_1 Pin=P10-1
Added Net: Name=NetC16_1
Added Pin To Net: NetName=NetC17_1 Pin=C17-1
Added Pin To Net: NetName=NetC17_1 Pin=C21-1
Added Pin To Net: NetName=NetC17_1 Pin=C26-2
Added Pin To Net: NetName=NetC17_1 Pin=D6-1
Added Pin To Net: NetName=NetC17_1 Pin=D7-1
Added Pin To Net: NetName=NetC17_1 Pin=L8-2
Added Pin To Net: NetName=NetC17_1 Pin=VR4-1
Added Pin To Net: NetName=NetC17_1 Pin=VR5-1
Added Net: Name=NetC17_1
Added Pin To Net: NetName=NetC18_1 Pin=C18-1
Added Pin To Net: NetName=NetC18_1 Pin=C19-2
Added Pin To Net: NetName=NetC18_1 Pin=D6-2
Added Pin To Net: NetName=NetC18_1 Pin=L5-1
Added Pin To Net: NetName=NetC18_1 Pin=VR4-3
Added Net: Name=NetC18_1
Added Pin To Net: NetName=NetC20_2 Pin=C20-2
Added Pin To Net: NetName=NetC20_2 Pin=L5-2
Added Pin To Net: NetName=NetC20_2 Pin=P12-1
Added Pin To Net: NetName=NetC20_2 Pin=P12-1
Added Net: Name=NetC20_2
Added Pin To Net: NetName=NetC22_1 Pin=C22-1
Added Pin To Net: NetName=NetC22_1 Pin=C23-2
Added Pin To Net: NetName=NetC22_1 Pin=D7-2
Added Pin To Net: NetName=NetC22_1 Pin=R8-2
Added Pin To Net: NetName=NetC22_1 Pin=VR5-3
Added Net: Name=NetC22_1
Added Pin To Net: NetName=NetC24_2 Pin=C24-2
Added Pin To Net: NetName=NetC24_2 Pin=P14-1
Added Pin To Net: NetName=NetC24_2 Pin=P14-1
Added Net: Name=NetC24_2
Added Pin To Net: NetName=NetD4_1 Pin=D4-1
Added Pin To Net: NetName=NetD4_1 Pin=L7-1
Added Net: Name=NetD4_1
Added Pin To Net: NetName=NetD4_2 Pin=D4-2
Added Pin To Net: NetName=NetD4_2 Pin=P7-1
Added Pin To Net: NetName=NetD4_2 Pin=P7-1
Added Net: Name=NetD4_2
Added Pin To Net: NetName=NetD4_3 Pin=D4-3
Added Pin To Net: NetName=NetD4_3 Pin=L8-1
Added Net: Name=NetD4_3
Added Pin To Net: NetName=NetD4_4 Pin=D4-4
Added Pin To Net: NetName=NetD4_4 Pin=P8-1
Added Pin To Net: NetName=NetD4_4 Pin=P8-1
Added Net: Name=NetD4_4
Added Pin To Net: NetName=NetR8_1 Pin=R8-1
Added Pin To Net: NetName=NetR8_1 Pin=R15-2
Added Pin To Net: NetName=NetR8_1 Pin=VR5-2
Added Net: Name=NetR8_1
Added Class: Name=Simetrica
Added Room: Name=Simetrica
